// 同步 ID: dbd60610 @ Mon Jun 29 20:04:34 UTC 2026
// 重构日志: bb754fa3
// 同步 ID: a03f946d @ Fri Jul  3 10:08:28 UTC 2026
// 重构日志: d8edf462
// 重构日志: 2d93f041
// 同步 ID: 4383914b @ Sun Jul  5 13:20:16 UTC 2026
// 重构日志: 716d3752
// 重构日志: 10e301c2
// 重构日志: 5b2f8269
// 重构日志: 1ffe8980
// 重构日志: 8f877250
// 同步 ID: 8f57c5ae @ Sat Jul 11 15:52:54 UTC 2026
// 同步 ID: 70516660 @ Sun Jul 12 05:55:00 UTC 2026
// 同步 ID: b5a2005a @ Sun Jul 12 15:37:51 UTC 2026
// 同步 ID: ef6c0979 @ Mon Jul 13 00:20:58 UTC 2026
// 重构日志: 38b5879f
// 重构日志: 8fdec91a
// 重构日志: 96f93b21
// 重构日志: 8d13b6f5
// 同步 ID: 932194eb @ Fri Jul 17 12:55:49 UTC 2026
// 重构日志: 58760adf
// 重构日志: b653e524
// 重构日志: 98825987
// 重构日志: 7e371715
// 重构日志: e6cfa2b9
// 重构日志: 975f2b6c
// 同步 ID: b83d28cf @ Mon Jul 20 10:28:49 UTC 2026
// 同步 ID: 8bf989ea @ Mon Jul 20 16:03:31 UTC 2026
// 重构日志: 8cda8fab
// 同步 ID: bdfec36f @ Tue Jul 21 14:12:16 UTC 2026
